{"C:\\Users\\Basilio\\devuniversity-challenge\\frontend\\src\\i18n.ts": {"path":"C:\\Users\\Basilio\\devuniversity-challenge\\frontend\\src\\i18n.ts","statementMap":{"0":{"start":{"line":6,"column":0},"end":{"line":25,"column":5}}},"fnMap":{},"branchMap":{},"s":{"0":0},"f":{},"b":{}}
,"C:\\Users\\Basilio\\devuniversity-challenge\\frontend\\src\\components\\ProtectedRoute.tsx": {"path":"C:\\Users\\Basilio\\devuniversity-challenge\\frontend\\src\\components\\ProtectedRoute.tsx","statementMap":{"0":{"start":{"line":11,"column":61},"end":{"line":26,"column":1}},"1":{"start":{"line":12,"column":30},"end":{"line":12,"column":39}},"2":{"start":{"line":13,"column":17},"end":{"line":13,"column":28}},"3":{"start":{"line":15,"column":2},"end":{"line":19,"column":32}},"4":{"start":{"line":16,"column":4},"end":{"line":18,"column":5}},"5":{"start":{"line":17,"column":6},"end":{"line":17,"column":28}},"6":{"start":{"line":21,"column":2},"end":{"line":23,"column":3}},"7":{"start":{"line":22,"column":4},"end":{"line":22,"column":16}},"8":{"start":{"line":25,"column":2},"end":{"line":25,"column":25}}},"fnMap":{"0":{"name":"(anonymous_0)","decl":{"start":{"line":11,"column":61},"end":{"line":11,"column":62}},"loc":{"start":{"line":11,"column":79},"end":{"line":26,"column":1}},"line":11},"1":{"name":"(anonymous_1)","decl":{"start":{"line":15,"column":12},"end":{"line":15,"column":13}},"loc":{"start":{"line":15,"column":18},"end":{"line":19,"column":3}},"line":15}},"branchMap":{"0":{"loc":{"start":{"line":16,"column":4},"end":{"line":18,"column":5}},"type":"if","locations":[{"start":{"line":16,"column":4},"end":{"line":18,"column":5}},{"start":{},"end":{}}],"line":16},"1":{"loc":{"start":{"line":21,"column":2},"end":{"line":23,"column":3}},"type":"if","locations":[{"start":{"line":21,"column":2},"end":{"line":23,"column":3}},{"start":{},"end":{}}],"line":21}},"s":{"0":0,"1":0,"2":0,"3":0,"4":0,"5":0,"6":0,"7":0,"8":0},"f":{"0":0,"1":0},"b":{"0":[0,0],"1":[0,0]}}
,"C:\\Users\\Basilio\\devuniversity-challenge\\frontend\\src\\components\\Spinner.tsx": {"path":"C:\\Users\\Basilio\\devuniversity-challenge\\frontend\\src\\components\\Spinner.tsx","statementMap":{"0":{"start":{"line":7,"column":47},"end":{"line":18,"column":1}},"1":{"start":{"line":8,"column":2},"end":{"line":17,"column":4}}},"fnMap":{"0":{"name":"(anonymous_0)","decl":{"start":{"line":7,"column":47},"end":{"line":7,"column":48}},"loc":{"start":{"line":7,"column":71},"end":{"line":18,"column":1}},"line":7}},"branchMap":{"0":{"loc":{"start":{"line":7,"column":50},"end":{"line":7,"column":64}},"type":"default-arg","locations":[{"start":{"line":7,"column":62},"end":{"line":7,"column":64}}],"line":7}},"s":{"0":0,"1":0},"f":{"0":0},"b":{"0":[0]}}
,"C:\\Users\\Basilio\\devuniversity-challenge\\frontend\\src\\components\\ThemeToggle.tsx": {"path":"C:\\Users\\Basilio\\devuniversity-challenge\\frontend\\src\\components\\ThemeToggle.tsx","statementMap":{"0":{"start":{"line":6,"column":37},"end":{"line":61,"column":1}},"1":{"start":{"line":7,"column":32},"end":{"line":7,"column":47}},"2":{"start":{"line":8,"column":30},"end":{"line":8,"column":40}},"3":{"start":{"line":10,"column":2},"end":{"line":12,"column":9}},"4":{"start":{"line":11,"column":4},"end":{"line":11,"column":21}},"5":{"start":{"line":14,"column":2},"end":{"line":16,"column":3}},"6":{"start":{"line":15,"column":4},"end":{"line":15,"column":16}},"7":{"start":{"line":18,"column":22},"end":{"line":20,"column":3}},"8":{"start":{"line":19,"column":4},"end":{"line":19,"column":50}},"9":{"start":{"line":22,"column":2},"end":{"line":60,"column":4}}},"fnMap":{"0":{"name":"(anonymous_0)","decl":{"start":{"line":6,"column":37},"end":{"line":6,"column":38}},"loc":{"start":{"line":6,"column":43},"end":{"line":61,"column":1}},"line":6},"1":{"name":"(anonymous_1)","decl":{"start":{"line":10,"column":12},"end":{"line":10,"column":13}},"loc":{"start":{"line":10,"column":18},"end":{"line":12,"column":3}},"line":10},"2":{"name":"(anonymous_2)","decl":{"start":{"line":18,"column":22},"end":{"line":18,"column":23}},"loc":{"start":{"line":18,"column":28},"end":{"line":20,"column":3}},"line":18}},"branchMap":{"0":{"loc":{"start":{"line":14,"column":2},"end":{"line":16,"column":3}},"type":"if","locations":[{"start":{"line":14,"column":2},"end":{"line":16,"column":3}},{"start":{},"end":{}}],"line":14},"1":{"loc":{"start":{"line":19,"column":13},"end":{"line":19,"column":48}},"type":"cond-expr","locations":[{"start":{"line":19,"column":32},"end":{"line":19,"column":39}},{"start":{"line":19,"column":42},"end":{"line":19,"column":48}}],"line":19},"2":{"loc":{"start":{"line":28,"column":7},"end":{"line":58,"column":7}},"type":"cond-expr","locations":[{"start":{"line":29,"column":8},"end":{"line":42,"column":14}},{"start":{"line":44,"column":8},"end":{"line":57,"column":14}}],"line":28}},"s":{"0":0,"1":0,"2":0,"3":0,"4":0,"5":0,"6":0,"7":0,"8":0,"9":0},"f":{"0":0,"1":0,"2":0},"b":{"0":[0,0],"1":[0,0],"2":[0,0]}}
,"C:\\Users\\Basilio\\devuniversity-challenge\\frontend\\src\\components\\auth\\LoginForm.tsx": {"path":"C:\\Users\\Basilio\\devuniversity-challenge\\frontend\\src\\components\\auth\\LoginForm.tsx","statementMap":{"0":{"start":{"line":10,"column":16},"end":{"line":10,"column":50}},"1":{"start":{"line":11,"column":28},"end":{"line":11,"column":40}},"2":{"start":{"line":12,"column":34},"end":{"line":12,"column":46}},"3":{"start":{"line":13,"column":28},"end":{"line":13,"column":57}},"4":{"start":{"line":14,"column":39},"end":{"line":14,"column":54}},"5":{"start":{"line":15,"column":20},"end":{"line":15,"column":29}},"6":{"start":{"line":16,"column":17},"end":{"line":16,"column":28}},"7":{"start":{"line":18,"column":23},"end":{"line":30,"column":3}},"8":{"start":{"line":19,"column":4},"end":{"line":19,"column":23}},"9":{"start":{"line":20,"column":4},"end":{"line":20,"column":19}},"10":{"start":{"line":22,"column":4},"end":{"line":29,"column":7}},"11":{"start":{"line":23,"column":6},"end":{"line":28,"column":7}},"12":{"start":{"line":24,"column":8},"end":{"line":24,"column":37}},"13":{"start":{"line":25,"column":8},"end":{"line":25,"column":34}},"14":{"start":{"line":27,"column":8},"end":{"line":27,"column":48}},"15":{"start":{"line":32,"column":2},"end":{"line":108,"column":4}},"16":{"start":{"line":56,"column":33},"end":{"line":56,"column":57}},"17":{"start":{"line":72,"column":33},"end":{"line":72,"column":60}}},"fnMap":{"0":{"name":"LoginForm","decl":{"start":{"line":9,"column":24},"end":{"line":9,"column":33}},"loc":{"start":{"line":9,"column":36},"end":{"line":109,"column":1}},"line":9},"1":{"name":"(anonymous_1)","decl":{"start":{"line":18,"column":23},"end":{"line":18,"column":24}},"loc":{"start":{"line":18,"column":53},"end":{"line":30,"column":3}},"line":18},"2":{"name":"(anonymous_2)","decl":{"start":{"line":22,"column":20},"end":{"line":22,"column":21}},"loc":{"start":{"line":22,"column":32},"end":{"line":29,"column":5}},"line":22},"3":{"name":"(anonymous_3)","decl":{"start":{"line":56,"column":26},"end":{"line":56,"column":27}},"loc":{"start":{"line":56,"column":33},"end":{"line":56,"column":57}},"line":56},"4":{"name":"(anonymous_4)","decl":{"start":{"line":72,"column":26},"end":{"line":72,"column":27}},"loc":{"start":{"line":72,"column":33},"end":{"line":72,"column":60}},"line":72}},"branchMap":{"0":{"loc":{"start":{"line":77,"column":11},"end":{"line":81,"column":11}},"type":"binary-expr","locations":[{"start":{"line":77,"column":11},"end":{"line":77,"column":16}},{"start":{"line":78,"column":12},"end":{"line":80,"column":18}}],"line":77},"1":{"loc":{"start":{"line":88,"column":16},"end":{"line":90,"column":99}},"type":"cond-expr","locations":[{"start":{"line":89,"column":20},"end":{"line":89,"column":69}},{"start":{"line":90,"column":20},"end":{"line":90,"column":99}}],"line":88},"2":{"loc":{"start":{"line":93,"column":15},"end":{"line":93,"column":79}},"type":"cond-expr","locations":[{"start":{"line":93,"column":27},"end":{"line":93,"column":53}},{"start":{"line":93,"column":56},"end":{"line":93,"column":79}}],"line":93}},"s":{"0":0,"1":0,"2":0,"3":0,"4":0,"5":0,"6":0,"7":0,"8":0,"9":0,"10":0,"11":0,"12":0,"13":0,"14":0,"15":0,"16":0,"17":0},"f":{"0":0,"1":0,"2":0,"3":0,"4":0},"b":{"0":[0,0],"1":[0,0],"2":[0,0]}}
,"C:\\Users\\Basilio\\devuniversity-challenge\\frontend\\src\\components\\dashboard\\DeleteTask.tsx": {"path":"C:\\Users\\Basilio\\devuniversity-challenge\\frontend\\src\\components\\dashboard\\DeleteTask.tsx","statementMap":{"0":{"start":{"line":13,"column":19},"end":{"line":25,"column":1}},"1":{"start":{"line":14,"column":2},"end":{"line":24,"column":4}},"2":{"start":{"line":17,"column":23},"end":{"line":17,"column":45}}},"fnMap":{"0":{"name":"(anonymous_0)","decl":{"start":{"line":13,"column":19},"end":{"line":13,"column":20}},"loc":{"start":{"line":13,"column":79},"end":{"line":25,"column":1}},"line":13},"1":{"name":"(anonymous_1)","decl":{"start":{"line":17,"column":17},"end":{"line":17,"column":18}},"loc":{"start":{"line":17,"column":23},"end":{"line":17,"column":45}},"line":17}},"branchMap":{"0":{"loc":{"start":{"line":15,"column":4},"end":{"line":23,"column":5}},"type":"binary-expr","locations":[{"start":{"line":15,"column":4},"end":{"line":15,"column":16}},{"start":{"line":16,"column":6},"end":{"line":22,"column":15}}],"line":15}},"s":{"0":0,"1":0,"2":0},"f":{"0":0,"1":0},"b":{"0":[0,0]}}
,"C:\\Users\\Basilio\\devuniversity-challenge\\frontend\\src\\components\\dashboard\\FilterButtons.tsx": {"path":"C:\\Users\\Basilio\\devuniversity-challenge\\frontend\\src\\components\\dashboard\\FilterButtons.tsx","statementMap":{"0":{"start":{"line":10,"column":22},"end":{"line":28,"column":1}},"1":{"start":{"line":11,"column":2},"end":{"line":27,"column":4}},"2":{"start":{"line":14,"column":8},"end":{"line":24,"column":17}},"3":{"start":{"line":16,"column":25},"end":{"line":16,"column":64}}},"fnMap":{"0":{"name":"(anonymous_0)","decl":{"start":{"line":10,"column":22},"end":{"line":10,"column":23}},"loc":{"start":{"line":10,"column":79},"end":{"line":28,"column":1}},"line":10},"1":{"name":"(anonymous_1)","decl":{"start":{"line":13,"column":49},"end":{"line":13,"column":50}},"loc":{"start":{"line":14,"column":8},"end":{"line":24,"column":17}},"line":14},"2":{"name":"(anonymous_2)","decl":{"start":{"line":16,"column":19},"end":{"line":16,"column":20}},"loc":{"start":{"line":16,"column":25},"end":{"line":16,"column":64}},"line":16}},"branchMap":{"0":{"loc":{"start":{"line":18,"column":12},"end":{"line":20,"column":120}},"type":"cond-expr","locations":[{"start":{"line":19,"column":16},"end":{"line":19,"column":40}},{"start":{"line":20,"column":16},"end":{"line":20,"column":120}}],"line":18},"1":{"loc":{"start":{"line":23,"column":11},"end":{"line":23,"column":55}},"type":"cond-expr","locations":[{"start":{"line":23,"column":30},"end":{"line":23,"column":46}},{"start":{"line":23,"column":49},"end":{"line":23,"column":55}}],"line":23}},"s":{"0":0,"1":0,"2":0,"3":0},"f":{"0":0,"1":0,"2":0},"b":{"0":[0,0],"1":[0,0]}}
,"C:\\Users\\Basilio\\devuniversity-challenge\\frontend\\src\\components\\dashboard\\Header.tsx": {"path":"C:\\Users\\Basilio\\devuniversity-challenge\\frontend\\src\\components\\dashboard\\Header.tsx","statementMap":{"0":{"start":{"line":11,"column":15},"end":{"line":22,"column":1}},"1":{"start":{"line":12,"column":2},"end":{"line":21,"column":4}}},"fnMap":{"0":{"name":"(anonymous_0)","decl":{"start":{"line":11,"column":15},"end":{"line":11,"column":16}},"loc":{"start":{"line":11,"column":61},"end":{"line":22,"column":1}},"line":11}},"branchMap":{"0":{"loc":{"start":{"line":18,"column":33},"end":{"line":18,"column":51}},"type":"binary-expr","locations":[{"start":{"line":18,"column":33},"end":{"line":18,"column":41}},{"start":{"line":18,"column":45},"end":{"line":18,"column":51}}],"line":18}},"s":{"0":0,"1":0},"f":{"0":0},"b":{"0":[0,0]}}
,"C:\\Users\\Basilio\\devuniversity-challenge\\frontend\\src\\components\\dashboard\\Logout.tsx": {"path":"C:\\Users\\Basilio\\devuniversity-challenge\\frontend\\src\\components\\dashboard\\Logout.tsx","statementMap":{"0":{"start":{"line":13,"column":15},"end":{"line":28,"column":1}},"1":{"start":{"line":14,"column":16},"end":{"line":14,"column":40}},"2":{"start":{"line":15,"column":2},"end":{"line":27,"column":4}}},"fnMap":{"0":{"name":"(anonymous_0)","decl":{"start":{"line":13,"column":15},"end":{"line":13,"column":16}},"loc":{"start":{"line":13,"column":64},"end":{"line":28,"column":1}},"line":13}},"branchMap":{"0":{"loc":{"start":{"line":21,"column":7},"end":{"line":25,"column":7}},"type":"cond-expr","locations":[{"start":{"line":22,"column":8},"end":{"line":22,"column":50}},{"start":{"line":24,"column":8},"end":{"line":24,"column":29}}],"line":21}},"s":{"0":0,"1":0,"2":0},"f":{"0":0},"b":{"0":[0,0]}}
,"C:\\Users\\Basilio\\devuniversity-challenge\\frontend\\src\\components\\dashboard\\NoTasksFound.tsx": {"path":"C:\\Users\\Basilio\\devuniversity-challenge\\frontend\\src\\components\\dashboard\\NoTasksFound.tsx","statementMap":{"0":{"start":{"line":7,"column":21},"end":{"line":13,"column":1}},"1":{"start":{"line":8,"column":2},"end":{"line":12,"column":4}}},"fnMap":{"0":{"name":"(anonymous_0)","decl":{"start":{"line":7,"column":21},"end":{"line":7,"column":22}},"loc":{"start":{"line":7,"column":58},"end":{"line":13,"column":1}},"line":7}},"branchMap":{},"s":{"0":0,"1":0},"f":{"0":0},"b":{}}
,"C:\\Users\\Basilio\\devuniversity-challenge\\frontend\\src\\components\\dashboard\\TaskContainer.tsx": {"path":"C:\\Users\\Basilio\\devuniversity-challenge\\frontend\\src\\components\\dashboard\\TaskContainer.tsx","statementMap":{"0":{"start":{"line":34,"column":2},"end":{"line":65,"column":4}}},"fnMap":{"0":{"name":"TaskContainer","decl":{"start":{"line":27,"column":24},"end":{"line":27,"column":37}},"loc":{"start":{"line":33,"column":23},"end":{"line":66,"column":1}},"line":33}},"branchMap":{"0":{"loc":{"start":{"line":53,"column":7},"end":{"line":63,"column":7}},"type":"cond-expr","locations":[{"start":{"line":54,"column":8},"end":{"line":56,"column":10}},{"start":{"line":58,"column":8},"end":{"line":62,"column":10}}],"line":53}},"s":{"0":0},"f":{"0":0},"b":{"0":[0,0]}}
,"C:\\Users\\Basilio\\devuniversity-challenge\\frontend\\src\\components\\dashboard\\TaskCounter.tsx": {"path":"C:\\Users\\Basilio\\devuniversity-challenge\\frontend\\src\\components\\dashboard\\TaskCounter.tsx","statementMap":{"0":{"start":{"line":9,"column":20},"end":{"line":18,"column":1}},"1":{"start":{"line":10,"column":2},"end":{"line":17,"column":4}}},"fnMap":{"0":{"name":"(anonymous_0)","decl":{"start":{"line":9,"column":20},"end":{"line":9,"column":21}},"loc":{"start":{"line":9,"column":63},"end":{"line":18,"column":1}},"line":9}},"branchMap":{},"s":{"0":0,"1":0},"f":{"0":0},"b":{}}
,"C:\\Users\\Basilio\\devuniversity-challenge\\frontend\\src\\components\\dashboard\\TaskCreationForm.tsx": {"path":"C:\\Users\\Basilio\\devuniversity-challenge\\frontend\\src\\components\\dashboard\\TaskCreationForm.tsx","statementMap":{"0":{"start":{"line":16,"column":16},"end":{"line":16,"column":40}},"1":{"start":{"line":18,"column":2},"end":{"line":143,"column":4}},"2":{"start":{"line":37,"column":29},"end":{"line":37,"column":78}},"3":{"start":{"line":57,"column":14},"end":{"line":57,"column":69}},"4":{"start":{"line":79,"column":16},"end":{"line":82,"column":18}},"5":{"start":{"line":89,"column":16},"end":{"line":95,"column":25}},"6":{"start":{"line":111,"column":16},"end":{"line":114,"column":18}},"7":{"start":{"line":121,"column":16},"end":{"line":127,"column":25}}},"fnMap":{"0":{"name":"TaskCreationForm","decl":{"start":{"line":11,"column":24},"end":{"line":11,"column":40}},"loc":{"start":{"line":15,"column":26},"end":{"line":144,"column":1}},"line":15},"1":{"name":"(anonymous_1)","decl":{"start":{"line":37,"column":22},"end":{"line":37,"column":23}},"loc":{"start":{"line":37,"column":29},"end":{"line":37,"column":78}},"line":37},"2":{"name":"(anonymous_2)","decl":{"start":{"line":56,"column":22},"end":{"line":56,"column":23}},"loc":{"start":{"line":57,"column":14},"end":{"line":57,"column":69}},"line":57},"3":{"name":"(anonymous_3)","decl":{"start":{"line":78,"column":24},"end":{"line":78,"column":25}},"loc":{"start":{"line":79,"column":16},"end":{"line":82,"column":18}},"line":79},"4":{"name":"(anonymous_4)","decl":{"start":{"line":88,"column":47},"end":{"line":88,"column":48}},"loc":{"start":{"line":89,"column":16},"end":{"line":95,"column":25}},"line":89},"5":{"name":"(anonymous_5)","decl":{"start":{"line":110,"column":24},"end":{"line":110,"column":25}},"loc":{"start":{"line":111,"column":16},"end":{"line":114,"column":18}},"line":111},"6":{"name":"(anonymous_6)","decl":{"start":{"line":120,"column":45},"end":{"line":120,"column":46}},"loc":{"start":{"line":121,"column":16},"end":{"line":127,"column":25}},"line":121}},"branchMap":{},"s":{"0":0,"1":0,"2":0,"3":0,"4":0,"5":0,"6":0,"7":0},"f":{"0":0,"1":0,"2":0,"3":0,"4":0,"5":0,"6":0},"b":{}}
,"C:\\Users\\Basilio\\devuniversity-challenge\\frontend\\src\\components\\dashboard\\TaskDescription.tsx": {"path":"C:\\Users\\Basilio\\devuniversity-challenge\\frontend\\src\\components\\dashboard\\TaskDescription.tsx","statementMap":{"0":{"start":{"line":3,"column":24},"end":{"line":9,"column":1}},"1":{"start":{"line":4,"column":2},"end":{"line":8,"column":4}}},"fnMap":{"0":{"name":"(anonymous_0)","decl":{"start":{"line":3,"column":24},"end":{"line":3,"column":25}},"loc":{"start":{"line":3,"column":71},"end":{"line":9,"column":1}},"line":3}},"branchMap":{},"s":{"0":0,"1":0},"f":{"0":0},"b":{}}
,"C:\\Users\\Basilio\\devuniversity-challenge\\frontend\\src\\components\\dashboard\\TaskList.tsx": {"path":"C:\\Users\\Basilio\\devuniversity-challenge\\frontend\\src\\components\\dashboard\\TaskList.tsx","statementMap":{"0":{"start":{"line":16,"column":17},"end":{"line":57,"column":1}},"1":{"start":{"line":17,"column":2},"end":{"line":56,"column":4}},"2":{"start":{"line":20,"column":8},"end":{"line":53,"column":14}}},"fnMap":{"0":{"name":"(anonymous_0)","decl":{"start":{"line":16,"column":17},"end":{"line":16,"column":18}},"loc":{"start":{"line":16,"column":76},"end":{"line":57,"column":1}},"line":16},"1":{"name":"(anonymous_1)","decl":{"start":{"line":19,"column":17},"end":{"line":19,"column":18}},"loc":{"start":{"line":20,"column":8},"end":{"line":53,"column":14}},"line":20}},"branchMap":{},"s":{"0":0,"1":0,"2":0},"f":{"0":0,"1":0},"b":{}}
,"C:\\Users\\Basilio\\devuniversity-challenge\\frontend\\src\\components\\dashboard\\TaskStatus.tsx": {"path":"C:\\Users\\Basilio\\devuniversity-challenge\\frontend\\src\\components\\dashboard\\TaskStatus.tsx","statementMap":{"0":{"start":{"line":9,"column":19},"end":{"line":22,"column":1}},"1":{"start":{"line":11,"column":4},"end":{"line":13,"column":79}},"2":{"start":{"line":15,"column":2},"end":{"line":21,"column":4}}},"fnMap":{"0":{"name":"(anonymous_0)","decl":{"start":{"line":9,"column":19},"end":{"line":9,"column":20}},"loc":{"start":{"line":9,"column":69},"end":{"line":22,"column":1}},"line":9}},"branchMap":{"0":{"loc":{"start":{"line":9,"column":30},"end":{"line":9,"column":44}},"type":"default-arg","locations":[{"start":{"line":9,"column":42},"end":{"line":9,"column":44}}],"line":9},"1":{"loc":{"start":{"line":11,"column":4},"end":{"line":13,"column":79}},"type":"cond-expr","locations":[{"start":{"line":12,"column":8},"end":{"line":12,"column":75}},{"start":{"line":13,"column":8},"end":{"line":13,"column":79}}],"line":11}},"s":{"0":0,"1":0,"2":0},"f":{"0":0},"b":{"0":[0],"1":[0,0]}}
,"C:\\Users\\Basilio\\devuniversity-challenge\\frontend\\src\\components\\dashboard\\TaskTitle.tsx": {"path":"C:\\Users\\Basilio\\devuniversity-challenge\\frontend\\src\\components\\dashboard\\TaskTitle.tsx","statementMap":{"0":{"start":{"line":3,"column":18},"end":{"line":9,"column":1}},"1":{"start":{"line":4,"column":2},"end":{"line":8,"column":4}}},"fnMap":{"0":{"name":"(anonymous_0)","decl":{"start":{"line":3,"column":18},"end":{"line":3,"column":19}},"loc":{"start":{"line":3,"column":52},"end":{"line":9,"column":1}},"line":3}},"branchMap":{},"s":{"0":0,"1":0},"f":{"0":0},"b":{}}
,"C:\\Users\\Basilio\\devuniversity-challenge\\frontend\\src\\hooks\\useApi.ts": {"path":"C:\\Users\\Basilio\\devuniversity-challenge\\frontend\\src\\hooks\\useApi.ts","statementMap":{"0":{"start":{"line":9,"column":22},"end":{"line":110,"column":1}},"1":{"start":{"line":10,"column":34},"end":{"line":14,"column":4}},"2":{"start":{"line":16,"column":20},"end":{"line":65,"column":3}},"3":{"start":{"line":22,"column":6},"end":{"line":22,"column":58}},"4":{"start":{"line":22,"column":29},"end":{"line":22,"column":55}},"5":{"start":{"line":24,"column":6},"end":{"line":62,"column":7}},"6":{"start":{"line":25,"column":22},"end":{"line":25,"column":51}},"7":{"start":{"line":26,"column":37},"end":{"line":29,"column":9}},"8":{"start":{"line":31,"column":36},"end":{"line":35,"column":9}},"9":{"start":{"line":37,"column":20},"end":{"line":37,"column":64}},"10":{"start":{"line":39,"column":8},"end":{"line":42,"column":9}},"11":{"start":{"line":40,"column":28},"end":{"line":40,"column":44}},"12":{"start":{"line":41,"column":10},"end":{"line":41,"column":68}},"13":{"start":{"line":44,"column":21},"end":{"line":44,"column":37}},"14":{"start":{"line":45,"column":8},"end":{"line":49,"column":11}},"15":{"start":{"line":51,"column":8},"end":{"line":51,"column":20}},"16":{"start":{"line":54,"column":10},"end":{"line":54,"column":78}},"17":{"start":{"line":55,"column":8},"end":{"line":59,"column":11}},"18":{"start":{"line":61,"column":8},"end":{"line":61,"column":20}},"19":{"start":{"line":67,"column":14},"end":{"line":70,"column":3}},"20":{"start":{"line":68,"column":26},"end":{"line":68,"column":52}},"21":{"start":{"line":72,"column":15},"end":{"line":75,"column":3}},"22":{"start":{"line":73,"column":37},"end":{"line":73,"column":70}},"23":{"start":{"line":77,"column":14},"end":{"line":80,"column":3}},"24":{"start":{"line":78,"column":37},"end":{"line":78,"column":69}},"25":{"start":{"line":82,"column":16},"end":{"line":85,"column":3}},"26":{"start":{"line":83,"column":37},"end":{"line":83,"column":71}},"27":{"start":{"line":87,"column":14},"end":{"line":90,"column":3}},"28":{"start":{"line":88,"column":26},"end":{"line":88,"column":55}},"29":{"start":{"line":92,"column":21},"end":{"line":98,"column":8}},"30":{"start":{"line":93,"column":4},"end":{"line":97,"column":7}},"31":{"start":{"line":100,"column":2},"end":{"line":109,"column":4}}},"fnMap":{"0":{"name":"(anonymous_0)","decl":{"start":{"line":9,"column":22},"end":{"line":9,"column":23}},"loc":{"start":{"line":9,"column":52},"end":{"line":110,"column":1}},"line":9},"1":{"name":"(anonymous_1)","decl":{"start":{"line":17,"column":4},"end":{"line":17,"column":5}},"loc":{"start":{"line":21,"column":9},"end":{"line":63,"column":5}},"line":21},"2":{"name":"(anonymous_2)","decl":{"start":{"line":22,"column":18},"end":{"line":22,"column":19}},"loc":{"start":{"line":22,"column":29},"end":{"line":22,"column":55}},"line":22},"3":{"name":"(anonymous_3)","decl":{"start":{"line":68,"column":4},"end":{"line":68,"column":5}},"loc":{"start":{"line":68,"column":26},"end":{"line":68,"column":52}},"line":68},"4":{"name":"(anonymous_4)","decl":{"start":{"line":73,"column":4},"end":{"line":73,"column":5}},"loc":{"start":{"line":73,"column":37},"end":{"line":73,"column":70}},"line":73},"5":{"name":"(anonymous_5)","decl":{"start":{"line":78,"column":4},"end":{"line":78,"column":5}},"loc":{"start":{"line":78,"column":37},"end":{"line":78,"column":69}},"line":78},"6":{"name":"(anonymous_6)","decl":{"start":{"line":83,"column":4},"end":{"line":83,"column":5}},"loc":{"start":{"line":83,"column":37},"end":{"line":83,"column":71}},"line":83},"7":{"name":"(anonymous_7)","decl":{"start":{"line":88,"column":4},"end":{"line":88,"column":5}},"loc":{"start":{"line":88,"column":26},"end":{"line":88,"column":55}},"line":88},"8":{"name":"(anonymous_8)","decl":{"start":{"line":92,"column":33},"end":{"line":92,"column":34}},"loc":{"start":{"line":92,"column":39},"end":{"line":98,"column":3}},"line":92}},"branchMap":{"0":{"loc":{"start":{"line":19,"column":6},"end":{"line":19,"column":65}},"type":"default-arg","locations":[{"start":{"line":19,"column":60},"end":{"line":19,"column":65}}],"line":19},"1":{"loc":{"start":{"line":28,"column":14},"end":{"line":28,"column":59}},"type":"binary-expr","locations":[{"start":{"line":28,"column":14},"end":{"line":28,"column":19}},{"start":{"line":28,"column":23},"end":{"line":28,"column":59}}],"line":28},"2":{"loc":{"start":{"line":34,"column":14},"end":{"line":34,"column":52}},"type":"binary-expr","locations":[{"start":{"line":34,"column":14},"end":{"line":34,"column":18}},{"start":{"line":34,"column":22},"end":{"line":34,"column":52}}],"line":34},"3":{"loc":{"start":{"line":39,"column":8},"end":{"line":42,"column":9}},"type":"if","locations":[{"start":{"line":39,"column":8},"end":{"line":42,"column":9}},{"start":{},"end":{}}],"line":39},"4":{"loc":{"start":{"line":41,"column":26},"end":{"line":41,"column":66}},"type":"binary-expr","locations":[{"start":{"line":41,"column":26},"end":{"line":41,"column":43}},{"start":{"line":41,"column":47},"end":{"line":41,"column":66}}],"line":41},"5":{"loc":{"start":{"line":54,"column":10},"end":{"line":54,"column":78}},"type":"cond-expr","locations":[{"start":{"line":54,"column":35},"end":{"line":54,"column":48}},{"start":{"line":54,"column":51},"end":{"line":54,"column":78}}],"line":54}},"s":{"0":0,"1":0,"2":0,"3":0,"4":0,"5":0,"6":0,"7":0,"8":0,"9":0,"10":0,"11":0,"12":0,"13":0,"14":0,"15":0,"16":0,"17":0,"18":0,"19":0,"20":0,"21":0,"22":0,"23":0,"24":0,"25":0,"26":0,"27":0,"28":0,"29":0,"30":0,"31":0},"f":{"0":0,"1":0,"2":0,"3":0,"4":0,"5":0,"6":0,"7":0,"8":0},"b":{"0":[0],"1":[0,0],"2":[0,0],"3":[0,0],"4":[0,0],"5":[0,0]}}
,"C:\\Users\\Basilio\\devuniversity-challenge\\frontend\\src\\hooks\\useLanguageEffect.ts": {"path":"C:\\Users\\Basilio\\devuniversity-challenge\\frontend\\src\\hooks\\useLanguageEffect.ts","statementMap":{"0":{"start":{"line":4,"column":33},"end":{"line":20,"column":1}},"1":{"start":{"line":5,"column":19},"end":{"line":5,"column":35}},"2":{"start":{"line":7,"column":2},"end":{"line":19,"column":9}},"3":{"start":{"line":8,"column":24},"end":{"line":8,"column":56}},"4":{"start":{"line":9,"column":24},"end":{"line":9,"column":37}},"5":{"start":{"line":10,"column":27},"end":{"line":10,"column":53}},"6":{"start":{"line":12,"column":32},"end":{"line":14,"column":13}},"7":{"start":{"line":16,"column":4},"end":{"line":18,"column":5}},"8":{"start":{"line":17,"column":6},"end":{"line":17,"column":39}}},"fnMap":{"0":{"name":"(anonymous_0)","decl":{"start":{"line":4,"column":33},"end":{"line":4,"column":34}},"loc":{"start":{"line":4,"column":39},"end":{"line":20,"column":1}},"line":4},"1":{"name":"(anonymous_1)","decl":{"start":{"line":7,"column":12},"end":{"line":7,"column":13}},"loc":{"start":{"line":7,"column":18},"end":{"line":19,"column":3}},"line":7}},"branchMap":{"0":{"loc":{"start":{"line":12,"column":32},"end":{"line":14,"column":13}},"type":"cond-expr","locations":[{"start":{"line":13,"column":8},"end":{"line":13,"column":44}},{"start":{"line":14,"column":8},"end":{"line":14,"column":13}}],"line":12},"1":{"loc":{"start":{"line":16,"column":4},"end":{"line":18,"column":5}},"type":"if","locations":[{"start":{"line":16,"column":4},"end":{"line":18,"column":5}},{"start":{},"end":{}}],"line":16},"2":{"loc":{"start":{"line":16,"column":8},"end":{"line":16,"column":58}},"type":"binary-expr","locations":[{"start":{"line":16,"column":8},"end":{"line":16,"column":27}},{"start":{"line":16,"column":31},"end":{"line":16,"column":58}}],"line":16}},"s":{"0":0,"1":0,"2":0,"3":0,"4":0,"5":0,"6":0,"7":0,"8":0},"f":{"0":0,"1":0},"b":{"0":[0,0],"1":[0,0],"2":[0,0]}}
,"C:\\Users\\Basilio\\devuniversity-challenge\\frontend\\src\\hooks\\useTranslationReady.ts": {"path":"C:\\Users\\Basilio\\devuniversity-challenge\\frontend\\src\\hooks\\useTranslationReady.ts","statementMap":{"0":{"start":{"line":5,"column":32},"end":{"line":5,"column":47}},"1":{"start":{"line":7,"column":2},"end":{"line":27,"column":9}},"2":{"start":{"line":8,"column":23},"end":{"line":15,"column":5}},"3":{"start":{"line":11,"column":8},"end":{"line":12,"column":79}},"4":{"start":{"line":14,"column":6},"end":{"line":14,"column":38}},"5":{"start":{"line":18,"column":4},"end":{"line":18,"column":17}},"6":{"start":{"line":21,"column":4},"end":{"line":21,"column":43}},"7":{"start":{"line":24,"column":4},"end":{"line":26,"column":6}},"8":{"start":{"line":25,"column":6},"end":{"line":25,"column":46}},"9":{"start":{"line":29,"column":2},"end":{"line":29,"column":17}}},"fnMap":{"0":{"name":"useTranslationReady","decl":{"start":{"line":4,"column":16},"end":{"line":4,"column":35}},"loc":{"start":{"line":4,"column":38},"end":{"line":30,"column":1}},"line":4},"1":{"name":"(anonymous_1)","decl":{"start":{"line":7,"column":12},"end":{"line":7,"column":13}},"loc":{"start":{"line":7,"column":18},"end":{"line":27,"column":3}},"line":7},"2":{"name":"(anonymous_2)","decl":{"start":{"line":8,"column":23},"end":{"line":8,"column":24}},"loc":{"start":{"line":8,"column":29},"end":{"line":15,"column":5}},"line":8},"3":{"name":"(anonymous_3)","decl":{"start":{"line":24,"column":11},"end":{"line":24,"column":12}},"loc":{"start":{"line":24,"column":17},"end":{"line":26,"column":5}},"line":24}},"branchMap":{"0":{"loc":{"start":{"line":11,"column":8},"end":{"line":12,"column":79}},"type":"binary-expr","locations":[{"start":{"line":11,"column":8},"end":{"line":11,"column":55}},{"start":{"line":12,"column":8},"end":{"line":12,"column":79}}],"line":11}},"s":{"0":0,"1":0,"2":0,"3":0,"4":0,"5":0,"6":0,"7":0,"8":0,"9":0},"f":{"0":0,"1":0,"2":0,"3":0},"b":{"0":[0,0]}}
,"C:\\Users\\Basilio\\devuniversity-challenge\\frontend\\src\\lib\\actions\\auth.ts": {"path":"C:\\Users\\Basilio\\devuniversity-challenge\\frontend\\src\\lib\\actions\\auth.ts","statementMap":{"0":{"start":{"line":4,"column":20},"end":{"line":7,"column":2}},"1":{"start":{"line":10,"column":26},"end":{"line":13,"column":4}},"2":{"start":{"line":15,"column":2},"end":{"line":19,"column":3}},"3":{"start":{"line":16,"column":4},"end":{"line":18,"column":6}},"4":{"start":{"line":21,"column":2},"end":{"line":39,"column":3}},"5":{"start":{"line":22,"column":19},"end":{"line":26,"column":6}},"6":{"start":{"line":28,"column":4},"end":{"line":32,"column":5}},"7":{"start":{"line":29,"column":6},"end":{"line":31,"column":8}},"8":{"start":{"line":34,"column":4},"end":{"line":34,"column":29}},"9":{"start":{"line":36,"column":4},"end":{"line":38,"column":6}}},"fnMap":{"0":{"name":"loginAction","decl":{"start":{"line":9,"column":22},"end":{"line":9,"column":33}},"loc":{"start":{"line":9,"column":54},"end":{"line":40,"column":1}},"line":9}},"branchMap":{"0":{"loc":{"start":{"line":15,"column":2},"end":{"line":19,"column":3}},"type":"if","locations":[{"start":{"line":15,"column":2},"end":{"line":19,"column":3}},{"start":{},"end":{}}],"line":15},"1":{"loc":{"start":{"line":28,"column":4},"end":{"line":32,"column":5}},"type":"if","locations":[{"start":{"line":28,"column":4},"end":{"line":32,"column":5}},{"start":{},"end":{}}],"line":28}},"s":{"0":0,"1":0,"2":0,"3":0,"4":0,"5":0,"6":0,"7":0,"8":0,"9":0},"f":{"0":0},"b":{"0":[0,0],"1":[0,0]}}
,"C:\\Users\\Basilio\\devuniversity-challenge\\frontend\\src\\pages\\_app.tsx": {"path":"C:\\Users\\Basilio\\devuniversity-challenge\\frontend\\src\\pages\\_app.tsx","statementMap":{"0":{"start":{"line":16,"column":20},"end":{"line":16,"column":59}},"1":{"start":{"line":16,"column":54},"end":{"line":16,"column":58}},"2":{"start":{"line":18,"column":2},"end":{"line":18,"column":80}}},"fnMap":{"0":{"name":"MyApp","decl":{"start":{"line":15,"column":9},"end":{"line":15,"column":14}},"loc":{"start":{"line":15,"column":61},"end":{"line":19,"column":1}},"line":15},"1":{"name":"(anonymous_1)","decl":{"start":{"line":16,"column":44},"end":{"line":16,"column":45}},"loc":{"start":{"line":16,"column":54},"end":{"line":16,"column":58}},"line":16}},"branchMap":{"0":{"loc":{"start":{"line":16,"column":20},"end":{"line":16,"column":59}},"type":"binary-expr","locations":[{"start":{"line":16,"column":20},"end":{"line":16,"column":39}},{"start":{"line":16,"column":44},"end":{"line":16,"column":58}}],"line":16}},"s":{"0":0,"1":0,"2":0},"f":{"0":0,"1":0},"b":{"0":[0,0]}}
,"C:\\Users\\Basilio\\devuniversity-challenge\\frontend\\src\\services\\AuthService.ts": {"path":"C:\\Users\\Basilio\\devuniversity-challenge\\frontend\\src\\services\\AuthService.ts","statementMap":{"0":{"start":{"line":4,"column":27},"end":{"line":50,"column":1}},"1":{"start":{"line":6,"column":4},"end":{"line":14,"column":5}},"2":{"start":{"line":7,"column":23},"end":{"line":10,"column":8}},"3":{"start":{"line":11,"column":6},"end":{"line":11,"column":27}},"4":{"start":{"line":13,"column":6},"end":{"line":13,"column":62}},"5":{"start":{"line":22,"column":4},"end":{"line":31,"column":5}},"6":{"start":{"line":23,"column":23},"end":{"line":27,"column":8}},"7":{"start":{"line":28,"column":6},"end":{"line":28,"column":27}},"8":{"start":{"line":30,"column":6},"end":{"line":30,"column":69}},"9":{"start":{"line":35,"column":4},"end":{"line":40,"column":5}},"10":{"start":{"line":36,"column":23},"end":{"line":36,"column":72}},"11":{"start":{"line":37,"column":6},"end":{"line":37,"column":27}},"12":{"start":{"line":39,"column":6},"end":{"line":39,"column":78}},"13":{"start":{"line":44,"column":4},"end":{"line":48,"column":5}},"14":{"start":{"line":45,"column":6},"end":{"line":45,"column":37}},"15":{"start":{"line":47,"column":6},"end":{"line":47,"column":63}}},"fnMap":{"0":{"name":"(anonymous_0)","decl":{"start":{"line":5,"column":2},"end":{"line":5,"column":3}},"loc":{"start":{"line":5,"column":70},"end":{"line":15,"column":3}},"line":5},"1":{"name":"(anonymous_1)","decl":{"start":{"line":17,"column":2},"end":{"line":17,"column":3}},"loc":{"start":{"line":21,"column":27},"end":{"line":32,"column":3}},"line":21},"2":{"name":"(anonymous_2)","decl":{"start":{"line":34,"column":2},"end":{"line":34,"column":3}},"loc":{"start":{"line":34,"column":48},"end":{"line":41,"column":3}},"line":34},"3":{"name":"(anonymous_3)","decl":{"start":{"line":43,"column":2},"end":{"line":43,"column":3}},"loc":{"start":{"line":43,"column":32},"end":{"line":49,"column":3}},"line":43}},"branchMap":{"0":{"loc":{"start":{"line":13,"column":12},"end":{"line":13,"column":61}},"type":"binary-expr","locations":[{"start":{"line":13,"column":12},"end":{"line":13,"column":32}},{"start":{"line":13,"column":36},"end":{"line":13,"column":61}}],"line":13},"1":{"loc":{"start":{"line":30,"column":12},"end":{"line":30,"column":68}},"type":"binary-expr","locations":[{"start":{"line":30,"column":12},"end":{"line":30,"column":32}},{"start":{"line":30,"column":36},"end":{"line":30,"column":68}}],"line":30},"2":{"loc":{"start":{"line":39,"column":12},"end":{"line":39,"column":77}},"type":"binary-expr","locations":[{"start":{"line":39,"column":12},"end":{"line":39,"column":32}},{"start":{"line":39,"column":36},"end":{"line":39,"column":77}}],"line":39},"3":{"loc":{"start":{"line":47,"column":12},"end":{"line":47,"column":62}},"type":"binary-expr","locations":[{"start":{"line":47,"column":12},"end":{"line":47,"column":32}},{"start":{"line":47,"column":36},"end":{"line":47,"column":62}}],"line":47}},"s":{"0":0,"1":0,"2":0,"3":0,"4":0,"5":0,"6":0,"7":0,"8":0,"9":0,"10":0,"11":0,"12":0,"13":0,"14":0,"15":0},"f":{"0":0,"1":0,"2":0,"3":0},"b":{"0":[0,0],"1":[0,0],"2":[0,0],"3":[0,0]}}
,"C:\\Users\\Basilio\\devuniversity-challenge\\frontend\\src\\services\\api.ts": {"path":"C:\\Users\\Basilio\\devuniversity-challenge\\frontend\\src\\services\\api.ts","statementMap":{"0":{"start":{"line":4,"column":2},"end":{"line":4,"column":64}},"1":{"start":{"line":6,"column":12},"end":{"line":12,"column":2}},"2":{"start":{"line":14,"column":0},"end":{"line":19,"column":2}},"3":{"start":{"line":16,"column":4},"end":{"line":16,"column":18}},"4":{"start":{"line":18,"column":13},"end":{"line":18,"column":34}},"5":{"start":{"line":21,"column":0},"end":{"line":33,"column":2}},"6":{"start":{"line":22,"column":16},"end":{"line":22,"column":24}},"7":{"start":{"line":24,"column":4},"end":{"line":30,"column":5}},"8":{"start":{"line":25,"column":6},"end":{"line":25,"column":64}},"9":{"start":{"line":26,"column":11},"end":{"line":30,"column":5}},"10":{"start":{"line":27,"column":6},"end":{"line":27,"column":55}},"11":{"start":{"line":29,"column":6},"end":{"line":29,"column":49}},"12":{"start":{"line":31,"column":4},"end":{"line":31,"column":33}}},"fnMap":{"0":{"name":"(anonymous_0)","decl":{"start":{"line":15,"column":2},"end":{"line":15,"column":3}},"loc":{"start":{"line":15,"column":14},"end":{"line":17,"column":3}},"line":15},"1":{"name":"(anonymous_1)","decl":{"start":{"line":18,"column":2},"end":{"line":18,"column":3}},"loc":{"start":{"line":18,"column":13},"end":{"line":18,"column":34}},"line":18},"2":{"name":"(anonymous_2)","decl":{"start":{"line":22,"column":2},"end":{"line":22,"column":3}},"loc":{"start":{"line":22,"column":16},"end":{"line":22,"column":24}},"line":22},"3":{"name":"(anonymous_3)","decl":{"start":{"line":23,"column":2},"end":{"line":23,"column":3}},"loc":{"start":{"line":23,"column":13},"end":{"line":32,"column":3}},"line":23}},"branchMap":{"0":{"loc":{"start":{"line":4,"column":2},"end":{"line":4,"column":64}},"type":"binary-expr","locations":[{"start":{"line":4,"column":2},"end":{"line":4,"column":33}},{"start":{"line":4,"column":37},"end":{"line":4,"column":64}}],"line":4},"1":{"loc":{"start":{"line":24,"column":4},"end":{"line":30,"column":5}},"type":"if","locations":[{"start":{"line":24,"column":4},"end":{"line":30,"column":5}},{"start":{"line":26,"column":11},"end":{"line":30,"column":5}}],"line":24},"2":{"loc":{"start":{"line":26,"column":11},"end":{"line":30,"column":5}},"type":"if","locations":[{"start":{"line":26,"column":11},"end":{"line":30,"column":5}},{"start":{"line":28,"column":11},"end":{"line":30,"column":5}}],"line":26}},"s":{"0":0,"1":0,"2":0,"3":0,"4":0,"5":0,"6":0,"7":0,"8":0,"9":0,"10":0,"11":0,"12":0},"f":{"0":0,"1":0,"2":0,"3":0},"b":{"0":[0,0],"1":[0,0],"2":[0,0]}}
,"C:\\Users\\Basilio\\devuniversity-challenge\\frontend\\src\\services\\taskService.ts": {"path":"C:\\Users\\Basilio\\devuniversity-challenge\\frontend\\src\\services\\taskService.ts","statementMap":{"0":{"start":{"line":22,"column":27},"end":{"line":126,"column":1}},"1":{"start":{"line":24,"column":4},"end":{"line":31,"column":5}},"2":{"start":{"line":25,"column":23},"end":{"line":27,"column":8}},"3":{"start":{"line":28,"column":6},"end":{"line":28,"column":27}},"4":{"start":{"line":30,"column":6},"end":{"line":30,"column":71}},"5":{"start":{"line":35,"column":4},"end":{"line":40,"column":5}},"6":{"start":{"line":36,"column":23},"end":{"line":36,"column":62}},"7":{"start":{"line":37,"column":6},"end":{"line":37,"column":27}},"8":{"start":{"line":39,"column":6},"end":{"line":39,"column":70}},"9":{"start":{"line":44,"column":4},"end":{"line":49,"column":5}},"10":{"start":{"line":45,"column":23},"end":{"line":45,"column":63}},"11":{"start":{"line":46,"column":6},"end":{"line":46,"column":27}},"12":{"start":{"line":48,"column":6},"end":{"line":48,"column":71}},"13":{"start":{"line":53,"column":4},"end":{"line":58,"column":5}},"14":{"start":{"line":54,"column":23},"end":{"line":54,"column":72}},"15":{"start":{"line":55,"column":6},"end":{"line":55,"column":27}},"16":{"start":{"line":57,"column":6},"end":{"line":57,"column":71}},"17":{"start":{"line":62,"column":4},"end":{"line":66,"column":5}},"18":{"start":{"line":63,"column":6},"end":{"line":63,"column":43}},"19":{"start":{"line":65,"column":6},"end":{"line":65,"column":71}},"20":{"start":{"line":73,"column":21},"end":{"line":76,"column":5}},"21":{"start":{"line":77,"column":4},"end":{"line":77,"column":25}},"22":{"start":{"line":85,"column":4},"end":{"line":93,"column":5}},"23":{"start":{"line":86,"column":23},"end":{"line":89,"column":7}},"24":{"start":{"line":90,"column":6},"end":{"line":90,"column":27}},"25":{"start":{"line":92,"column":6},"end":{"line":92,"column":74}},"26":{"start":{"line":103,"column":4},"end":{"line":111,"column":5}},"27":{"start":{"line":104,"column":23},"end":{"line":107,"column":7}},"28":{"start":{"line":108,"column":6},"end":{"line":108,"column":27}},"29":{"start":{"line":110,"column":6},"end":{"line":110,"column":79}},"30":{"start":{"line":119,"column":4},"end":{"line":124,"column":5}},"31":{"start":{"line":120,"column":23},"end":{"line":120,"column":56}},"32":{"start":{"line":121,"column":6},"end":{"line":121,"column":27}},"33":{"start":{"line":123,"column":6},"end":{"line":123,"column":80}}},"fnMap":{"0":{"name":"(anonymous_0)","decl":{"start":{"line":23,"column":2},"end":{"line":23,"column":3}},"loc":{"start":{"line":23,"column":63},"end":{"line":32,"column":3}},"line":23},"1":{"name":"(anonymous_1)","decl":{"start":{"line":34,"column":2},"end":{"line":34,"column":3}},"loc":{"start":{"line":34,"column":51},"end":{"line":41,"column":3}},"line":34},"2":{"name":"(anonymous_2)","decl":{"start":{"line":43,"column":2},"end":{"line":43,"column":3}},"loc":{"start":{"line":43,"column":59},"end":{"line":50,"column":3}},"line":43},"3":{"name":"(anonymous_3)","decl":{"start":{"line":52,"column":2},"end":{"line":52,"column":3}},"loc":{"start":{"line":52,"column":75},"end":{"line":59,"column":3}},"line":52},"4":{"name":"(anonymous_4)","decl":{"start":{"line":61,"column":2},"end":{"line":61,"column":3}},"loc":{"start":{"line":61,"column":50},"end":{"line":67,"column":3}},"line":61},"5":{"name":"(anonymous_5)","decl":{"start":{"line":69,"column":2},"end":{"line":69,"column":3}},"loc":{"start":{"line":72,"column":19},"end":{"line":78,"column":3}},"line":72},"6":{"name":"(anonymous_6)","decl":{"start":{"line":80,"column":2},"end":{"line":80,"column":3}},"loc":{"start":{"line":84,"column":19},"end":{"line":94,"column":3}},"line":84},"7":{"name":"(anonymous_7)","decl":{"start":{"line":96,"column":2},"end":{"line":96,"column":3}},"loc":{"start":{"line":102,"column":19},"end":{"line":112,"column":3}},"line":102},"8":{"name":"(anonymous_8)","decl":{"start":{"line":114,"column":2},"end":{"line":114,"column":3}},"loc":{"start":{"line":118,"column":5},"end":{"line":125,"column":3}},"line":118}},"branchMap":{"0":{"loc":{"start":{"line":30,"column":12},"end":{"line":30,"column":70}},"type":"binary-expr","locations":[{"start":{"line":30,"column":12},"end":{"line":30,"column":32}},{"start":{"line":30,"column":36},"end":{"line":30,"column":70}}],"line":30},"1":{"loc":{"start":{"line":39,"column":12},"end":{"line":39,"column":69}},"type":"binary-expr","locations":[{"start":{"line":39,"column":12},"end":{"line":39,"column":32}},{"start":{"line":39,"column":36},"end":{"line":39,"column":69}}],"line":39},"2":{"loc":{"start":{"line":48,"column":12},"end":{"line":48,"column":70}},"type":"binary-expr","locations":[{"start":{"line":48,"column":12},"end":{"line":48,"column":32}},{"start":{"line":48,"column":36},"end":{"line":48,"column":70}}],"line":48},"3":{"loc":{"start":{"line":57,"column":12},"end":{"line":57,"column":70}},"type":"binary-expr","locations":[{"start":{"line":57,"column":12},"end":{"line":57,"column":32}},{"start":{"line":57,"column":36},"end":{"line":57,"column":70}}],"line":57},"4":{"loc":{"start":{"line":65,"column":12},"end":{"line":65,"column":70}},"type":"binary-expr","locations":[{"start":{"line":65,"column":12},"end":{"line":65,"column":32}},{"start":{"line":65,"column":36},"end":{"line":65,"column":70}}],"line":65},"5":{"loc":{"start":{"line":92,"column":12},"end":{"line":92,"column":73}},"type":"binary-expr","locations":[{"start":{"line":92,"column":12},"end":{"line":92,"column":32}},{"start":{"line":92,"column":36},"end":{"line":92,"column":73}}],"line":92},"6":{"loc":{"start":{"line":110,"column":12},"end":{"line":110,"column":78}},"type":"binary-expr","locations":[{"start":{"line":110,"column":12},"end":{"line":110,"column":32}},{"start":{"line":110,"column":36},"end":{"line":110,"column":78}}],"line":110},"7":{"loc":{"start":{"line":123,"column":12},"end":{"line":123,"column":79}},"type":"binary-expr","locations":[{"start":{"line":123,"column":12},"end":{"line":123,"column":32}},{"start":{"line":123,"column":36},"end":{"line":123,"column":79}}],"line":123}},"s":{"0":0,"1":0,"2":0,"3":0,"4":0,"5":0,"6":0,"7":0,"8":0,"9":0,"10":0,"11":0,"12":0,"13":0,"14":0,"15":0,"16":0,"17":0,"18":0,"19":0,"20":0,"21":0,"22":0,"23":0,"24":0,"25":0,"26":0,"27":0,"28":0,"29":0,"30":0,"31":0,"32":0,"33":0},"f":{"0":0,"1":0,"2":0,"3":0,"4":0,"5":0,"6":0,"7":0,"8":0},"b":{"0":[0,0],"1":[0,0],"2":[0,0],"3":[0,0],"4":[0,0],"5":[0,0],"6":[0,0],"7":[0,0]}}
}
