TN:
SF:src\i18n.ts
FNF:0
FNH:0
DA:6,0
LF:1
LH:0
BRF:0
BRH:0
end_of_record
TN:
SF:src\components\ProtectedRoute.tsx
FN:11,(anonymous_0)
FN:15,(anonymous_1)
FNF:2
FNH:0
FNDA:0,(anonymous_0)
FNDA:0,(anonymous_1)
DA:11,0
DA:12,0
DA:13,0
DA:15,0
DA:16,0
DA:17,0
DA:21,0
DA:22,0
DA:25,0
LF:9
LH:0
BRDA:16,0,0,0
BRDA:16,0,1,0
BRDA:21,1,0,0
BRDA:21,1,1,0
BRF:4
BRH:0
end_of_record
TN:
SF:src\components\Spinner.tsx
FN:7,(anonymous_0)
FNF:1
FNH:0
FNDA:0,(anonymous_0)
DA:7,0
DA:8,0
LF:2
LH:0
BRDA:7,0,0,0
BRF:1
BRH:0
end_of_record
TN:
SF:src\components\ThemeToggle.tsx
FN:6,(anonymous_0)
FN:10,(anonymous_1)
FN:18,(anonymous_2)
FNF:3
FNH:0
FNDA:0,(anonymous_0)
FNDA:0,(anonymous_1)
FNDA:0,(anonymous_2)
DA:6,0
DA:7,0
DA:8,0
DA:10,0
DA:11,0
DA:14,0
DA:15,0
DA:18,0
DA:19,0
DA:22,0
LF:10
LH:0
BRDA:14,0,0,0
BRDA:14,0,1,0
BRDA:19,1,0,0
BRDA:19,1,1,0
BRDA:28,2,0,0
BRDA:28,2,1,0
BRF:6
BRH:0
end_of_record
TN:
SF:src\components\auth\LoginForm.tsx
FN:9,LoginForm
FN:18,(anonymous_1)
FN:22,(anonymous_2)
FN:56,(anonymous_3)
FN:72,(anonymous_4)
FNF:5
FNH:0
FNDA:0,LoginForm
FNDA:0,(anonymous_1)
FNDA:0,(anonymous_2)
FNDA:0,(anonymous_3)
FNDA:0,(anonymous_4)
DA:10,0
DA:11,0
DA:12,0
DA:13,0
DA:14,0
DA:15,0
DA:16,0
DA:18,0
DA:19,0
DA:20,0
DA:22,0
DA:23,0
DA:24,0
DA:25,0
DA:27,0
DA:32,0
DA:56,0
DA:72,0
LF:18
LH:0
BRDA:77,0,0,0
BRDA:77,0,1,0
BRDA:88,1,0,0
BRDA:88,1,1,0
BRDA:93,2,0,0
BRDA:93,2,1,0
BRF:6
BRH:0
end_of_record
TN:
SF:src\components\dashboard\DeleteTask.tsx
FN:13,(anonymous_0)
FN:17,(anonymous_1)
FNF:2
FNH:0
FNDA:0,(anonymous_0)
FNDA:0,(anonymous_1)
DA:13,0
DA:14,0
DA:17,0
LF:3
LH:0
BRDA:15,0,0,0
BRDA:15,0,1,0
BRF:2
BRH:0
end_of_record
TN:
SF:src\components\dashboard\FilterButtons.tsx
FN:10,(anonymous_0)
FN:13,(anonymous_1)
FN:16,(anonymous_2)
FNF:3
FNH:0
FNDA:0,(anonymous_0)
FNDA:0,(anonymous_1)
FNDA:0,(anonymous_2)
DA:10,0
DA:11,0
DA:14,0
DA:16,0
LF:4
LH:0
BRDA:18,0,0,0
BRDA:18,0,1,0
BRDA:23,1,0,0
BRDA:23,1,1,0
BRF:4
BRH:0
end_of_record
TN:
SF:src\components\dashboard\Header.tsx
FN:11,(anonymous_0)
FNF:1
FNH:0
FNDA:0,(anonymous_0)
DA:11,0
DA:12,0
LF:2
LH:0
BRDA:18,0,0,0
BRDA:18,0,1,0
BRF:2
BRH:0
end_of_record
TN:
SF:src\components\dashboard\Logout.tsx
FN:13,(anonymous_0)
FNF:1
FNH:0
FNDA:0,(anonymous_0)
DA:13,0
DA:14,0
DA:15,0
LF:3
LH:0
BRDA:21,0,0,0
BRDA:21,0,1,0
BRF:2
BRH:0
end_of_record
TN:
SF:src\components\dashboard\NoTasksFound.tsx
FN:7,(anonymous_0)
FNF:1
FNH:0
FNDA:0,(anonymous_0)
DA:7,0
DA:8,0
LF:2
LH:0
BRF:0
BRH:0
end_of_record
TN:
SF:src\components\dashboard\TaskContainer.tsx
FN:27,TaskContainer
FNF:1
FNH:0
FNDA:0,TaskContainer
DA:34,0
LF:1
LH:0
BRDA:53,0,0,0
BRDA:53,0,1,0
BRF:2
BRH:0
end_of_record
TN:
SF:src\components\dashboard\TaskCounter.tsx
FN:9,(anonymous_0)
FNF:1
FNH:0
FNDA:0,(anonymous_0)
DA:9,0
DA:10,0
LF:2
LH:0
BRF:0
BRH:0
end_of_record
TN:
SF:src\components\dashboard\TaskCreationForm.tsx
FN:11,TaskCreationForm
FN:37,(anonymous_1)
FN:56,(anonymous_2)
FN:78,(anonymous_3)
FN:88,(anonymous_4)
FN:110,(anonymous_5)
FN:120,(anonymous_6)
FNF:7
FNH:0
FNDA:0,TaskCreationForm
FNDA:0,(anonymous_1)
FNDA:0,(anonymous_2)
FNDA:0,(anonymous_3)
FNDA:0,(anonymous_4)
FNDA:0,(anonymous_5)
FNDA:0,(anonymous_6)
DA:16,0
DA:18,0
DA:37,0
DA:57,0
DA:79,0
DA:89,0
DA:111,0
DA:121,0
LF:8
LH:0
BRF:0
BRH:0
end_of_record
TN:
SF:src\components\dashboard\TaskDescription.tsx
FN:3,(anonymous_0)
FNF:1
FNH:0
FNDA:0,(anonymous_0)
DA:3,0
DA:4,0
LF:2
LH:0
BRF:0
BRH:0
end_of_record
TN:
SF:src\components\dashboard\TaskList.tsx
FN:16,(anonymous_0)
FN:19,(anonymous_1)
FNF:2
FNH:0
FNDA:0,(anonymous_0)
FNDA:0,(anonymous_1)
DA:16,0
DA:17,0
DA:20,0
LF:3
LH:0
BRF:0
BRH:0
end_of_record
TN:
SF:src\components\dashboard\TaskStatus.tsx
FN:9,(anonymous_0)
FNF:1
FNH:0
FNDA:0,(anonymous_0)
DA:9,0
DA:11,0
DA:15,0
LF:3
LH:0
BRDA:9,0,0,0
BRDA:11,1,0,0
BRDA:11,1,1,0
BRF:3
BRH:0
end_of_record
TN:
SF:src\components\dashboard\TaskTitle.tsx
FN:3,(anonymous_0)
FNF:1
FNH:0
FNDA:0,(anonymous_0)
DA:3,0
DA:4,0
LF:2
LH:0
BRF:0
BRH:0
end_of_record
TN:
SF:src\hooks\useApi.ts
FN:9,(anonymous_0)
FN:17,(anonymous_1)
FN:22,(anonymous_2)
FN:68,(anonymous_3)
FN:73,(anonymous_4)
FN:78,(anonymous_5)
FN:83,(anonymous_6)
FN:88,(anonymous_7)
FN:92,(anonymous_8)
FNF:9
FNH:0
FNDA:0,(anonymous_0)
FNDA:0,(anonymous_1)
FNDA:0,(anonymous_2)
FNDA:0,(anonymous_3)
FNDA:0,(anonymous_4)
FNDA:0,(anonymous_5)
FNDA:0,(anonymous_6)
FNDA:0,(anonymous_7)
FNDA:0,(anonymous_8)
DA:9,0
DA:10,0
DA:16,0
DA:22,0
DA:24,0
DA:25,0
DA:26,0
DA:31,0
DA:37,0
DA:39,0
DA:40,0
DA:41,0
DA:44,0
DA:45,0
DA:51,0
DA:54,0
DA:55,0
DA:61,0
DA:67,0
DA:68,0
DA:72,0
DA:73,0
DA:77,0
DA:78,0
DA:82,0
DA:83,0
DA:87,0
DA:88,0
DA:92,0
DA:93,0
DA:100,0
LF:31
LH:0
BRDA:19,0,0,0
BRDA:28,1,0,0
BRDA:28,1,1,0
BRDA:34,2,0,0
BRDA:34,2,1,0
BRDA:39,3,0,0
BRDA:39,3,1,0
BRDA:41,4,0,0
BRDA:41,4,1,0
BRDA:54,5,0,0
BRDA:54,5,1,0
BRF:11
BRH:0
end_of_record
TN:
SF:src\hooks\useLanguageEffect.ts
FN:4,(anonymous_0)
FN:7,(anonymous_1)
FNF:2
FNH:0
FNDA:0,(anonymous_0)
FNDA:0,(anonymous_1)
DA:4,0
DA:5,0
DA:7,0
DA:8,0
DA:9,0
DA:10,0
DA:12,0
DA:16,0
DA:17,0
LF:9
LH:0
BRDA:12,0,0,0
BRDA:12,0,1,0
BRDA:16,1,0,0
BRDA:16,1,1,0
BRDA:16,2,0,0
BRDA:16,2,1,0
BRF:6
BRH:0
end_of_record
TN:
SF:src\hooks\useTranslationReady.ts
FN:4,useTranslationReady
FN:7,(anonymous_1)
FN:8,(anonymous_2)
FN:24,(anonymous_3)
FNF:4
FNH:0
FNDA:0,useTranslationReady
FNDA:0,(anonymous_1)
FNDA:0,(anonymous_2)
FNDA:0,(anonymous_3)
DA:5,0
DA:7,0
DA:8,0
DA:11,0
DA:14,0
DA:18,0
DA:21,0
DA:24,0
DA:25,0
DA:29,0
LF:10
LH:0
BRDA:11,0,0,0
BRDA:11,0,1,0
BRF:2
BRH:0
end_of_record
TN:
SF:src\lib\actions\auth.ts
FN:9,loginAction
FNF:1
FNH:0
FNDA:0,loginAction
DA:4,0
DA:10,0
DA:15,0
DA:16,0
DA:21,0
DA:22,0
DA:28,0
DA:29,0
DA:34,0
DA:36,0
LF:10
LH:0
BRDA:15,0,0,0
BRDA:15,0,1,0
BRDA:28,1,0,0
BRDA:28,1,1,0
BRF:4
BRH:0
end_of_record
TN:
SF:src\pages\_app.tsx
FN:15,MyApp
FN:16,(anonymous_1)
FNF:2
FNH:0
FNDA:0,MyApp
FNDA:0,(anonymous_1)
DA:16,0
DA:18,0
LF:2
LH:0
BRDA:16,0,0,0
BRDA:16,0,1,0
BRF:2
BRH:0
end_of_record
TN:
SF:src\services\AuthService.ts
FN:5,(anonymous_0)
FN:17,(anonymous_1)
FN:34,(anonymous_2)
FN:43,(anonymous_3)
FNF:4
FNH:0
FNDA:0,(anonymous_0)
FNDA:0,(anonymous_1)
FNDA:0,(anonymous_2)
FNDA:0,(anonymous_3)
DA:4,0
DA:6,0
DA:7,0
DA:11,0
DA:13,0
DA:22,0
DA:23,0
DA:28,0
DA:30,0
DA:35,0
DA:36,0
DA:37,0
DA:39,0
DA:44,0
DA:45,0
DA:47,0
LF:16
LH:0
BRDA:13,0,0,0
BRDA:13,0,1,0
BRDA:30,1,0,0
BRDA:30,1,1,0
BRDA:39,2,0,0
BRDA:39,2,1,0
BRDA:47,3,0,0
BRDA:47,3,1,0
BRF:8
BRH:0
end_of_record
TN:
SF:src\services\api.ts
FN:15,(anonymous_0)
FN:18,(anonymous_1)
FN:22,(anonymous_2)
FN:23,(anonymous_3)
FNF:4
FNH:0
FNDA:0,(anonymous_0)
FNDA:0,(anonymous_1)
FNDA:0,(anonymous_2)
FNDA:0,(anonymous_3)
DA:4,0
DA:6,0
DA:14,0
DA:16,0
DA:18,0
DA:21,0
DA:22,0
DA:24,0
DA:25,0
DA:26,0
DA:27,0
DA:29,0
DA:31,0
LF:13
LH:0
BRDA:4,0,0,0
BRDA:4,0,1,0
BRDA:24,1,0,0
BRDA:24,1,1,0
BRDA:26,2,0,0
BRDA:26,2,1,0
BRF:6
BRH:0
end_of_record
TN:
SF:src\services\taskService.ts
FN:23,(anonymous_0)
FN:34,(anonymous_1)
FN:43,(anonymous_2)
FN:52,(anonymous_3)
FN:61,(anonymous_4)
FN:69,(anonymous_5)
FN:80,(anonymous_6)
FN:96,(anonymous_7)
FN:114,(anonymous_8)
FNF:9
FNH:0
FNDA:0,(anonymous_0)
FNDA:0,(anonymous_1)
FNDA:0,(anonymous_2)
FNDA:0,(anonymous_3)
FNDA:0,(anonymous_4)
FNDA:0,(anonymous_5)
FNDA:0,(anonymous_6)
FNDA:0,(anonymous_7)
FNDA:0,(anonymous_8)
DA:22,0
DA:24,0
DA:25,0
DA:28,0
DA:30,0
DA:35,0
DA:36,0
DA:37,0
DA:39,0
DA:44,0
DA:45,0
DA:46,0
DA:48,0
DA:53,0
DA:54,0
DA:55,0
DA:57,0
DA:62,0
DA:63,0
DA:65,0
DA:73,0
DA:77,0
DA:85,0
DA:86,0
DA:90,0
DA:92,0
DA:103,0
DA:104,0
DA:108,0
DA:110,0
DA:119,0
DA:120,0
DA:121,0
DA:123,0
LF:34
LH:0
BRDA:30,0,0,0
BRDA:30,0,1,0
BRDA:39,1,0,0
BRDA:39,1,1,0
BRDA:48,2,0,0
BRDA:48,2,1,0
BRDA:57,3,0,0
BRDA:57,3,1,0
BRDA:65,4,0,0
BRDA:65,4,1,0
BRDA:92,5,0,0
BRDA:92,5,1,0
BRDA:110,6,0,0
BRDA:110,6,1,0
BRDA:123,7,0,0
BRDA:123,7,1,0
BRF:16
BRH:0
end_of_record
